{"/home/joaoluiz/projetos/crud_zappts_js/src/index.js": {"path":"/home/joaoluiz/projetos/crud_zappts_js/src/index.js","all":true,"statementMap":{"0":{"start":{"line":1,"column":0},"end":{"line":1,"column":35}},"1":{"start":{"line":2,"column":0},"end":{"line":2,"column":0}},"2":{"start":{"line":3,"column":0},"end":{"line":3,"column":20}}},"s":{"0":0,"1":0,"2":0},"branchMap":{"0":{"type":"branch","line":1,"loc":{"start":{"line":1,"column":0},"end":{"line":3,"column":20}},"locations":[{"start":{"line":1,"column":0},"end":{"line":3,"column":20}}]}},"b":{"0":[0]},"fnMap":{"0":{"name":"(empty-report)","decl":{"start":{"line":1,"column":0},"end":{"line":3,"column":20}},"loc":{"start":{"line":1,"column":0},"end":{"line":3,"column":20}},"line":1}},"f":{"0":0}}
,"/home/joaoluiz/projetos/crud_zappts_js/src/routes.js": {"path":"/home/joaoluiz/projetos/crud_zappts_js/src/routes.js","all":false,"statementMap":{"0":{"start":{"line":1,"column":0},"end":{"line":1,"column":35}},"1":{"start":{"line":2,"column":0},"end":{"line":2,"column":0}},"2":{"start":{"line":3,"column":0},"end":{"line":3,"column":32}},"3":{"start":{"line":4,"column":0},"end":{"line":4,"column":0}},"4":{"start":{"line":5,"column":0},"end":{"line":5,"column":56}},"5":{"start":{"line":6,"column":0},"end":{"line":6,"column":0}},"6":{"start":{"line":7,"column":0},"end":{"line":7,"column":67}},"7":{"start":{"line":8,"column":0},"end":{"line":8,"column":73}},"8":{"start":{"line":9,"column":0},"end":{"line":9,"column":67}},"9":{"start":{"line":10,"column":0},"end":{"line":10,"column":0}},"10":{"start":{"line":11,"column":0},"end":{"line":11,"column":31}},"11":{"start":{"line":12,"column":0},"end":{"line":12,"column":24}},"12":{"start":{"line":13,"column":0},"end":{"line":13,"column":28}},"13":{"start":{"line":14,"column":0},"end":{"line":14,"column":5}},"14":{"start":{"line":15,"column":0},"end":{"line":15,"column":3}},"15":{"start":{"line":16,"column":0},"end":{"line":16,"column":0}},"16":{"start":{"line":17,"column":0},"end":{"line":17,"column":44}},"17":{"start":{"line":18,"column":0},"end":{"line":18,"column":0}},"18":{"start":{"line":19,"column":0},"end":{"line":19,"column":50}},"19":{"start":{"line":20,"column":0},"end":{"line":20,"column":0}},"20":{"start":{"line":21,"column":0},"end":{"line":21,"column":27}},"21":{"start":{"line":22,"column":0},"end":{"line":22,"column":0}},"22":{"start":{"line":23,"column":0},"end":{"line":23,"column":3}},"23":{"start":{"line":24,"column":0},"end":{"line":24,"column":8}},"24":{"start":{"line":25,"column":0},"end":{"line":25,"column":3}},"25":{"start":{"line":26,"column":0},"end":{"line":26,"column":43}},"26":{"start":{"line":27,"column":0},"end":{"line":27,"column":44}},"27":{"start":{"line":28,"column":0},"end":{"line":28,"column":46}},"28":{"start":{"line":29,"column":0},"end":{"line":29,"column":48}},"29":{"start":{"line":30,"column":0},"end":{"line":30,"column":52}},"30":{"start":{"line":31,"column":0},"end":{"line":31,"column":0}},"31":{"start":{"line":32,"column":0},"end":{"line":32,"column":24}}},"s":{"0":1,"1":1,"2":1,"3":1,"4":1,"5":1,"6":1,"7":1,"8":1,"9":1,"10":1,"11":0,"12":0,"13":0,"14":0,"15":1,"16":1,"17":1,"18":1,"19":1,"20":1,"21":1,"22":1,"23":1,"24":1,"25":1,"26":1,"27":1,"28":1,"29":1,"30":1,"31":1},"branchMap":{},"b":{},"fnMap":{"0":{"name":"Object.<anonymous>.routes.get","decl":{"start":{"line":11,"column":16},"end":{"line":15,"column":3}},"loc":{"start":{"line":11,"column":16},"end":{"line":15,"column":3}},"line":11}},"f":{"0":0}}
,"/home/joaoluiz/projetos/crud_zappts_js/src/server.js": {"path":"/home/joaoluiz/projetos/crud_zappts_js/src/server.js","all":false,"statementMap":{"0":{"start":{"line":1,"column":0},"end":{"line":1,"column":26}},"1":{"start":{"line":2,"column":0},"end":{"line":2,"column":62}},"2":{"start":{"line":3,"column":0},"end":{"line":3,"column":3}},"3":{"start":{"line":4,"column":0},"end":{"line":4,"column":0}},"4":{"start":{"line":5,"column":0},"end":{"line":5,"column":35}},"5":{"start":{"line":6,"column":0},"end":{"line":6,"column":0}},"6":{"start":{"line":7,"column":0},"end":{"line":7,"column":35}},"7":{"start":{"line":8,"column":0},"end":{"line":8,"column":0}},"8":{"start":{"line":9,"column":0},"end":{"line":9,"column":11}},"9":{"start":{"line":10,"column":0},"end":{"line":10,"column":17}},"10":{"start":{"line":11,"column":0},"end":{"line":11,"column":29}},"11":{"start":{"line":12,"column":0},"end":{"line":12,"column":55}},"12":{"start":{"line":13,"column":0},"end":{"line":13,"column":0}},"13":{"start":{"line":14,"column":0},"end":{"line":14,"column":23}},"14":{"start":{"line":15,"column":0},"end":{"line":15,"column":18}},"15":{"start":{"line":16,"column":0},"end":{"line":16,"column":3}},"16":{"start":{"line":17,"column":0},"end":{"line":17,"column":0}},"17":{"start":{"line":18,"column":0},"end":{"line":18,"column":17}},"18":{"start":{"line":19,"column":0},"end":{"line":19,"column":37}},"19":{"start":{"line":20,"column":0},"end":{"line":20,"column":3}},"20":{"start":{"line":21,"column":0},"end":{"line":21,"column":0}},"21":{"start":{"line":22,"column":0},"end":{"line":22,"column":12}},"22":{"start":{"line":23,"column":0},"end":{"line":23,"column":29}},"23":{"start":{"line":24,"column":0},"end":{"line":24,"column":3}},"24":{"start":{"line":25,"column":0},"end":{"line":25,"column":1}},"25":{"start":{"line":26,"column":0},"end":{"line":26,"column":0}},"26":{"start":{"line":27,"column":0},"end":{"line":27,"column":35}}},"s":{"0":1,"1":1,"2":1,"3":1,"4":1,"5":1,"6":1,"7":1,"8":1,"9":1,"10":1,"11":1,"12":1,"13":1,"14":1,"15":1,"16":1,"17":1,"18":1,"19":1,"20":1,"21":1,"22":1,"23":1,"24":1,"25":1,"26":1},"branchMap":{"0":{"type":"branch","line":2,"loc":{"start":{"line":2,"column":8},"end":{"line":2,"column":62}},"locations":[{"start":{"line":2,"column":8},"end":{"line":2,"column":62}}]},"1":{"type":"branch","line":10,"loc":{"start":{"line":10,"column":2},"end":{"line":16,"column":3}},"locations":[{"start":{"line":10,"column":2},"end":{"line":16,"column":3}}]},"2":{"type":"branch","line":18,"loc":{"start":{"line":18,"column":2},"end":{"line":20,"column":3}},"locations":[{"start":{"line":18,"column":2},"end":{"line":20,"column":3}}]},"3":{"type":"branch","line":22,"loc":{"start":{"line":22,"column":2},"end":{"line":24,"column":3}},"locations":[{"start":{"line":22,"column":2},"end":{"line":24,"column":3}}]}},"b":{"0":[0],"1":[1],"2":[1],"3":[1]},"fnMap":{"0":{"name":"App","decl":{"start":{"line":10,"column":2},"end":{"line":16,"column":3}},"loc":{"start":{"line":10,"column":2},"end":{"line":16,"column":3}},"line":10},"1":{"name":"middlewares","decl":{"start":{"line":18,"column":2},"end":{"line":20,"column":3}},"loc":{"start":{"line":18,"column":2},"end":{"line":20,"column":3}},"line":18},"2":{"name":"routes","decl":{"start":{"line":22,"column":2},"end":{"line":24,"column":3}},"loc":{"start":{"line":22,"column":2},"end":{"line":24,"column":3}},"line":22}},"f":{"0":1,"1":1,"2":1}}
,"/home/joaoluiz/projetos/crud_zappts_js/src/app/Facades/CardFacade.js": {"path":"/home/joaoluiz/projetos/crud_zappts_js/src/app/Facades/CardFacade.js","all":false,"statementMap":{"0":{"start":{"line":1,"column":0},"end":{"line":1,"column":38}},"1":{"start":{"line":2,"column":0},"end":{"line":2,"column":0}},"2":{"start":{"line":3,"column":0},"end":{"line":3,"column":18}},"3":{"start":{"line":4,"column":0},"end":{"line":4,"column":25}},"4":{"start":{"line":5,"column":0},"end":{"line":5,"column":42}},"5":{"start":{"line":6,"column":0},"end":{"line":6,"column":0}},"6":{"start":{"line":7,"column":0},"end":{"line":7,"column":30}},"7":{"start":{"line":8,"column":0},"end":{"line":8,"column":3}},"8":{"start":{"line":9,"column":0},"end":{"line":9,"column":0}},"9":{"start":{"line":10,"column":0},"end":{"line":10,"column":19}},"10":{"start":{"line":11,"column":0},"end":{"line":11,"column":39}},"11":{"start":{"line":12,"column":0},"end":{"line":12,"column":0}},"12":{"start":{"line":13,"column":0},"end":{"line":13,"column":17}},"13":{"start":{"line":14,"column":0},"end":{"line":14,"column":3}},"14":{"start":{"line":15,"column":0},"end":{"line":15,"column":0}},"15":{"start":{"line":16,"column":0},"end":{"line":16,"column":25}},"16":{"start":{"line":17,"column":0},"end":{"line":17,"column":49}},"17":{"start":{"line":18,"column":0},"end":{"line":18,"column":0}},"18":{"start":{"line":19,"column":0},"end":{"line":19,"column":18}},"19":{"start":{"line":20,"column":0},"end":{"line":20,"column":44}},"20":{"start":{"line":21,"column":0},"end":{"line":21,"column":5}},"21":{"start":{"line":22,"column":0},"end":{"line":22,"column":83}},"22":{"start":{"line":23,"column":0},"end":{"line":23,"column":3}},"23":{"start":{"line":24,"column":0},"end":{"line":24,"column":0}},"24":{"start":{"line":25,"column":0},"end":{"line":25,"column":26}},"25":{"start":{"line":26,"column":0},"end":{"line":26,"column":45}},"26":{"start":{"line":27,"column":0},"end":{"line":27,"column":0}},"27":{"start":{"line":28,"column":0},"end":{"line":28,"column":16}},"28":{"start":{"line":29,"column":0},"end":{"line":29,"column":3}},"29":{"start":{"line":30,"column":0},"end":{"line":30,"column":0}},"30":{"start":{"line":31,"column":0},"end":{"line":31,"column":24}},"31":{"start":{"line":32,"column":0},"end":{"line":32,"column":51}},"32":{"start":{"line":33,"column":0},"end":{"line":33,"column":0}},"33":{"start":{"line":34,"column":0},"end":{"line":34,"column":30}},"34":{"start":{"line":35,"column":0},"end":{"line":35,"column":3}},"35":{"start":{"line":36,"column":0},"end":{"line":36,"column":0}},"36":{"start":{"line":37,"column":0},"end":{"line":37,"column":27}},"37":{"start":{"line":38,"column":0},"end":{"line":38,"column":28}},"38":{"start":{"line":39,"column":0},"end":{"line":39,"column":0}},"39":{"start":{"line":40,"column":0},"end":{"line":40,"column":41}},"40":{"start":{"line":41,"column":0},"end":{"line":41,"column":0}},"41":{"start":{"line":42,"column":0},"end":{"line":42,"column":16}},"42":{"start":{"line":43,"column":0},"end":{"line":43,"column":3}},"43":{"start":{"line":44,"column":0},"end":{"line":44,"column":0}},"44":{"start":{"line":45,"column":0},"end":{"line":45,"column":26}},"45":{"start":{"line":46,"column":0},"end":{"line":46,"column":46}},"46":{"start":{"line":47,"column":0},"end":{"line":47,"column":0}},"47":{"start":{"line":48,"column":0},"end":{"line":48,"column":19}},"48":{"start":{"line":49,"column":0},"end":{"line":49,"column":80}},"49":{"start":{"line":50,"column":0},"end":{"line":50,"column":5}},"50":{"start":{"line":51,"column":0},"end":{"line":51,"column":0}},"51":{"start":{"line":52,"column":0},"end":{"line":52,"column":36}},"52":{"start":{"line":53,"column":0},"end":{"line":53,"column":0}},"53":{"start":{"line":54,"column":0},"end":{"line":54,"column":30}},"54":{"start":{"line":55,"column":0},"end":{"line":55,"column":3}},"55":{"start":{"line":56,"column":0},"end":{"line":56,"column":0}},"56":{"start":{"line":57,"column":0},"end":{"line":57,"column":27}},"57":{"start":{"line":58,"column":0},"end":{"line":58,"column":43}},"58":{"start":{"line":59,"column":0},"end":{"line":59,"column":0}},"59":{"start":{"line":60,"column":0},"end":{"line":60,"column":18}},"60":{"start":{"line":61,"column":0},"end":{"line":61,"column":68}},"61":{"start":{"line":62,"column":0},"end":{"line":62,"column":5}},"62":{"start":{"line":63,"column":0},"end":{"line":63,"column":85}},"63":{"start":{"line":64,"column":0},"end":{"line":64,"column":3}},"64":{"start":{"line":65,"column":0},"end":{"line":65,"column":0}},"65":{"start":{"line":66,"column":0},"end":{"line":66,"column":26}},"66":{"start":{"line":67,"column":0},"end":{"line":67,"column":37}},"67":{"start":{"line":68,"column":0},"end":{"line":68,"column":13}},"68":{"start":{"line":69,"column":0},"end":{"line":69,"column":25}},"69":{"start":{"line":70,"column":0},"end":{"line":70,"column":7}},"70":{"start":{"line":71,"column":0},"end":{"line":71,"column":6}},"71":{"start":{"line":72,"column":0},"end":{"line":72,"column":0}},"72":{"start":{"line":73,"column":0},"end":{"line":73,"column":16}},"73":{"start":{"line":74,"column":0},"end":{"line":74,"column":3}},"74":{"start":{"line":75,"column":0},"end":{"line":75,"column":1}},"75":{"start":{"line":76,"column":0},"end":{"line":76,"column":0}},"76":{"start":{"line":77,"column":0},"end":{"line":77,"column":34}}},"s":{"0":1,"1":1,"2":1,"3":1,"4":2,"5":1,"6":2,"7":0,"8":1,"9":1,"10":2,"11":1,"12":2,"13":0,"14":1,"15":1,"16":0,"17":0,"18":0,"19":0,"20":0,"21":0,"22":0,"23":1,"24":1,"25":0,"26":0,"27":0,"28":0,"29":1,"30":1,"31":0,"32":0,"33":0,"34":0,"35":1,"36":1,"37":0,"38":0,"39":0,"40":0,"41":0,"42":0,"43":1,"44":1,"45":0,"46":0,"47":0,"48":0,"49":0,"50":0,"51":0,"52":0,"53":0,"54":0,"55":1,"56":1,"57":0,"58":0,"59":0,"60":0,"61":0,"62":0,"63":0,"64":1,"65":1,"66":0,"67":0,"68":0,"69":0,"70":0,"71":0,"72":0,"73":0,"74":1,"75":1,"76":1},"branchMap":{"0":{"type":"branch","line":3,"loc":{"start":{"line":3,"column":0},"end":{"line":3,"column":6}},"locations":[{"start":{"line":3,"column":0},"end":{"line":3,"column":6}}]},"1":{"type":"branch","line":4,"loc":{"start":{"line":4,"column":2},"end":{"line":8,"column":3}},"locations":[{"start":{"line":4,"column":2},"end":{"line":8,"column":3}}]},"2":{"type":"branch","line":5,"loc":{"start":{"line":5,"column":4},"end":{"line":7,"column":11}},"locations":[{"start":{"line":5,"column":4},"end":{"line":7,"column":11}}]},"3":{"type":"branch","line":7,"loc":{"start":{"line":7,"column":4},"end":{"line":8,"column":3}},"locations":[{"start":{"line":7,"column":4},"end":{"line":8,"column":3}}]},"4":{"type":"branch","line":10,"loc":{"start":{"line":10,"column":2},"end":{"line":14,"column":3}},"locations":[{"start":{"line":10,"column":2},"end":{"line":14,"column":3}}]},"5":{"type":"branch","line":11,"loc":{"start":{"line":11,"column":4},"end":{"line":13,"column":11}},"locations":[{"start":{"line":11,"column":4},"end":{"line":13,"column":11}}]},"6":{"type":"branch","line":13,"loc":{"start":{"line":13,"column":4},"end":{"line":14,"column":3}},"locations":[{"start":{"line":13,"column":4},"end":{"line":14,"column":3}}]}},"b":{"0":[1],"1":[2],"2":[1],"3":[0],"4":[2],"5":[1],"6":[0]},"fnMap":{"0":{"name":"CardFacade","decl":{"start":{"line":3,"column":0},"end":{"line":3,"column":6}},"loc":{"start":{"line":3,"column":0},"end":{"line":3,"column":6}},"line":3},"1":{"name":"index","decl":{"start":{"line":4,"column":2},"end":{"line":8,"column":3}},"loc":{"start":{"line":4,"column":2},"end":{"line":8,"column":3}},"line":4},"2":{"name":"findAll","decl":{"start":{"line":10,"column":2},"end":{"line":14,"column":3}},"loc":{"start":{"line":10,"column":2},"end":{"line":14,"column":3}},"line":10},"3":{"name":"store","decl":{"start":{"line":16,"column":2},"end":{"line":23,"column":3}},"loc":{"start":{"line":16,"column":2},"end":{"line":23,"column":3}},"line":16},"4":{"name":"create","decl":{"start":{"line":25,"column":2},"end":{"line":29,"column":3}},"loc":{"start":{"line":25,"column":2},"end":{"line":29,"column":3}},"line":25},"5":{"name":"show","decl":{"start":{"line":31,"column":2},"end":{"line":35,"column":3}},"loc":{"start":{"line":31,"column":2},"end":{"line":35,"column":3}},"line":31},"6":{"name":"findByPk","decl":{"start":{"line":37,"column":2},"end":{"line":43,"column":3}},"loc":{"start":{"line":37,"column":2},"end":{"line":43,"column":3}},"line":37},"7":{"name":"update","decl":{"start":{"line":45,"column":2},"end":{"line":55,"column":3}},"loc":{"start":{"line":45,"column":2},"end":{"line":55,"column":3}},"line":45},"8":{"name":"destroy","decl":{"start":{"line":57,"column":2},"end":{"line":64,"column":3}},"loc":{"start":{"line":57,"column":2},"end":{"line":64,"column":3}},"line":57},"9":{"name":"delete","decl":{"start":{"line":66,"column":2},"end":{"line":74,"column":3}},"loc":{"start":{"line":66,"column":2},"end":{"line":74,"column":3}},"line":66}},"f":{"0":1,"1":2,"2":2,"3":0,"4":0,"5":0,"6":0,"7":0,"8":0,"9":0}}
,"/home/joaoluiz/projetos/crud_zappts_js/src/app/Facades/SessionFacade.js": {"path":"/home/joaoluiz/projetos/crud_zappts_js/src/app/Facades/SessionFacade.js","all":false,"statementMap":{"0":{"start":{"line":1,"column":0},"end":{"line":1,"column":38}},"1":{"start":{"line":2,"column":0},"end":{"line":2,"column":0}},"2":{"start":{"line":3,"column":0},"end":{"line":3,"column":21}},"3":{"start":{"line":4,"column":0},"end":{"line":4,"column":25}},"4":{"start":{"line":5,"column":0},"end":{"line":5,"column":34}},"5":{"start":{"line":6,"column":0},"end":{"line":6,"column":0}},"6":{"start":{"line":7,"column":0},"end":{"line":7,"column":46}},"7":{"start":{"line":8,"column":0},"end":{"line":8,"column":0}},"8":{"start":{"line":9,"column":0},"end":{"line":9,"column":15}},"9":{"start":{"line":10,"column":0},"end":{"line":10,"column":87}},"10":{"start":{"line":11,"column":0},"end":{"line":11,"column":5}},"11":{"start":{"line":12,"column":0},"end":{"line":12,"column":0}},"12":{"start":{"line":13,"column":0},"end":{"line":13,"column":45}},"13":{"start":{"line":14,"column":0},"end":{"line":14,"column":77}},"14":{"start":{"line":15,"column":0},"end":{"line":15,"column":5}},"15":{"start":{"line":16,"column":0},"end":{"line":16,"column":0}},"16":{"start":{"line":17,"column":0},"end":{"line":17,"column":43}},"17":{"start":{"line":18,"column":0},"end":{"line":18,"column":0}},"18":{"start":{"line":19,"column":0},"end":{"line":19,"column":56}},"19":{"start":{"line":20,"column":0},"end":{"line":20,"column":3}},"20":{"start":{"line":21,"column":0},"end":{"line":21,"column":0}},"21":{"start":{"line":22,"column":0},"end":{"line":22,"column":27}},"22":{"start":{"line":23,"column":0},"end":{"line":23,"column":31}},"23":{"start":{"line":24,"column":0},"end":{"line":24,"column":0}},"24":{"start":{"line":25,"column":0},"end":{"line":25,"column":58}},"25":{"start":{"line":26,"column":0},"end":{"line":26,"column":0}},"26":{"start":{"line":27,"column":0},"end":{"line":27,"column":16}},"27":{"start":{"line":28,"column":0},"end":{"line":28,"column":3}},"28":{"start":{"line":29,"column":0},"end":{"line":29,"column":1}},"29":{"start":{"line":30,"column":0},"end":{"line":30,"column":0}},"30":{"start":{"line":31,"column":0},"end":{"line":31,"column":37}}},"s":{"0":1,"1":1,"2":1,"3":1,"4":6,"5":6,"6":6,"7":2,"8":6,"9":0,"10":0,"11":2,"12":6,"13":0,"14":0,"15":2,"16":2,"17":2,"18":6,"19":0,"20":1,"21":1,"22":4,"23":4,"24":4,"25":2,"26":4,"27":0,"28":1,"29":1,"30":1},"branchMap":{"0":{"type":"branch","line":3,"loc":{"start":{"line":3,"column":0},"end":{"line":3,"column":6}},"locations":[{"start":{"line":3,"column":0},"end":{"line":3,"column":6}}]},"1":{"type":"branch","line":4,"loc":{"start":{"line":4,"column":2},"end":{"line":20,"column":3}},"locations":[{"start":{"line":4,"column":2},"end":{"line":20,"column":3}}]},"2":{"type":"branch","line":7,"loc":{"start":{"line":7,"column":4},"end":{"line":9,"column":7}},"locations":[{"start":{"line":7,"column":4},"end":{"line":9,"column":7}}]},"3":{"type":"branch","line":9,"loc":{"start":{"line":9,"column":14},"end":{"line":11,"column":5}},"locations":[{"start":{"line":9,"column":14},"end":{"line":11,"column":5}}]},"4":{"type":"branch","line":12,"loc":{"start":{"line":12,"column":-1},"end":{"line":13,"column":7}},"locations":[{"start":{"line":12,"column":-1},"end":{"line":13,"column":7}}]},"5":{"type":"branch","line":13,"loc":{"start":{"line":13,"column":44},"end":{"line":15,"column":5}},"locations":[{"start":{"line":13,"column":44},"end":{"line":15,"column":5}}]},"6":{"type":"branch","line":16,"loc":{"start":{"line":16,"column":-1},"end":{"line":19,"column":11}},"locations":[{"start":{"line":16,"column":-1},"end":{"line":19,"column":11}}]},"7":{"type":"branch","line":19,"loc":{"start":{"line":19,"column":4},"end":{"line":20,"column":3}},"locations":[{"start":{"line":19,"column":4},"end":{"line":20,"column":3}}]},"8":{"type":"branch","line":22,"loc":{"start":{"line":22,"column":2},"end":{"line":28,"column":3}},"locations":[{"start":{"line":22,"column":2},"end":{"line":28,"column":3}}]},"9":{"type":"branch","line":25,"loc":{"start":{"line":25,"column":4},"end":{"line":27,"column":11}},"locations":[{"start":{"line":25,"column":4},"end":{"line":27,"column":11}}]},"10":{"type":"branch","line":27,"loc":{"start":{"line":27,"column":4},"end":{"line":28,"column":3}},"locations":[{"start":{"line":27,"column":4},"end":{"line":28,"column":3}}]}},"b":{"0":[1],"1":[6],"2":[2],"3":[0],"4":[2],"5":[0],"6":[2],"7":[0],"8":[4],"9":[2],"10":[0]},"fnMap":{"0":{"name":"SessionFacade","decl":{"start":{"line":3,"column":0},"end":{"line":3,"column":6}},"loc":{"start":{"line":3,"column":0},"end":{"line":3,"column":6}},"line":3},"1":{"name":"store","decl":{"start":{"line":4,"column":2},"end":{"line":20,"column":3}},"loc":{"start":{"line":4,"column":2},"end":{"line":20,"column":3}},"line":4},"2":{"name":"findOne","decl":{"start":{"line":22,"column":2},"end":{"line":28,"column":3}},"loc":{"start":{"line":22,"column":2},"end":{"line":28,"column":3}},"line":22}},"f":{"0":1,"1":6,"2":4}}
,"/home/joaoluiz/projetos/crud_zappts_js/src/app/Facades/UserFacade.js": {"path":"/home/joaoluiz/projetos/crud_zappts_js/src/app/Facades/UserFacade.js","all":false,"statementMap":{"0":{"start":{"line":1,"column":0},"end":{"line":1,"column":38}},"1":{"start":{"line":2,"column":0},"end":{"line":2,"column":0}},"2":{"start":{"line":3,"column":0},"end":{"line":3,"column":18}},"3":{"start":{"line":4,"column":0},"end":{"line":4,"column":25}},"4":{"start":{"line":5,"column":0},"end":{"line":5,"column":49}},"5":{"start":{"line":6,"column":0},"end":{"line":6,"column":0}},"6":{"start":{"line":7,"column":0},"end":{"line":7,"column":18}},"7":{"start":{"line":8,"column":0},"end":{"line":8,"column":44}},"8":{"start":{"line":9,"column":0},"end":{"line":9,"column":5}},"9":{"start":{"line":10,"column":0},"end":{"line":10,"column":81}},"10":{"start":{"line":11,"column":0},"end":{"line":11,"column":3}},"11":{"start":{"line":12,"column":0},"end":{"line":12,"column":0}},"12":{"start":{"line":13,"column":0},"end":{"line":13,"column":26}},"13":{"start":{"line":14,"column":0},"end":{"line":14,"column":45}},"14":{"start":{"line":15,"column":0},"end":{"line":15,"column":0}},"15":{"start":{"line":16,"column":0},"end":{"line":16,"column":16}},"16":{"start":{"line":17,"column":0},"end":{"line":17,"column":3}},"17":{"start":{"line":18,"column":0},"end":{"line":18,"column":1}},"18":{"start":{"line":19,"column":0},"end":{"line":19,"column":0}},"19":{"start":{"line":20,"column":0},"end":{"line":20,"column":34}}},"s":{"0":1,"1":1,"2":1,"3":1,"4":0,"5":0,"6":0,"7":0,"8":0,"9":0,"10":0,"11":1,"12":1,"13":0,"14":0,"15":0,"16":0,"17":1,"18":1,"19":1},"branchMap":{"0":{"type":"branch","line":3,"loc":{"start":{"line":3,"column":0},"end":{"line":3,"column":6}},"locations":[{"start":{"line":3,"column":0},"end":{"line":3,"column":6}}]}},"b":{"0":[1]},"fnMap":{"0":{"name":"UserFacade","decl":{"start":{"line":3,"column":0},"end":{"line":3,"column":6}},"loc":{"start":{"line":3,"column":0},"end":{"line":3,"column":6}},"line":3},"1":{"name":"store","decl":{"start":{"line":4,"column":2},"end":{"line":11,"column":3}},"loc":{"start":{"line":4,"column":2},"end":{"line":11,"column":3}},"line":4},"2":{"name":"create","decl":{"start":{"line":13,"column":2},"end":{"line":17,"column":3}},"loc":{"start":{"line":13,"column":2},"end":{"line":17,"column":3}},"line":13}},"f":{"0":1,"1":0,"2":0}}
,"/home/joaoluiz/projetos/crud_zappts_js/src/app/controllers/CardController.js": {"path":"/home/joaoluiz/projetos/crud_zappts_js/src/app/controllers/CardController.js","all":false,"statementMap":{"0":{"start":{"line":1,"column":0},"end":{"line":1,"column":52}},"1":{"start":{"line":2,"column":0},"end":{"line":2,"column":0}},"2":{"start":{"line":3,"column":0},"end":{"line":3,"column":22}},"3":{"start":{"line":4,"column":0},"end":{"line":4,"column":25}},"4":{"start":{"line":5,"column":0},"end":{"line":5,"column":44}},"5":{"start":{"line":6,"column":0},"end":{"line":6,"column":3}},"6":{"start":{"line":7,"column":0},"end":{"line":7,"column":0}},"7":{"start":{"line":8,"column":0},"end":{"line":8,"column":25}},"8":{"start":{"line":9,"column":0},"end":{"line":9,"column":44}},"9":{"start":{"line":10,"column":0},"end":{"line":10,"column":3}},"10":{"start":{"line":11,"column":0},"end":{"line":11,"column":0}},"11":{"start":{"line":12,"column":0},"end":{"line":12,"column":24}},"12":{"start":{"line":13,"column":0},"end":{"line":13,"column":43}},"13":{"start":{"line":14,"column":0},"end":{"line":14,"column":3}},"14":{"start":{"line":15,"column":0},"end":{"line":15,"column":0}},"15":{"start":{"line":16,"column":0},"end":{"line":16,"column":26}},"16":{"start":{"line":17,"column":0},"end":{"line":17,"column":45}},"17":{"start":{"line":18,"column":0},"end":{"line":18,"column":3}},"18":{"start":{"line":19,"column":0},"end":{"line":19,"column":0}},"19":{"start":{"line":20,"column":0},"end":{"line":20,"column":27}},"20":{"start":{"line":21,"column":0},"end":{"line":21,"column":46}},"21":{"start":{"line":22,"column":0},"end":{"line":22,"column":3}},"22":{"start":{"line":23,"column":0},"end":{"line":23,"column":1}},"23":{"start":{"line":24,"column":0},"end":{"line":24,"column":0}},"24":{"start":{"line":25,"column":0},"end":{"line":25,"column":38}}},"s":{"0":1,"1":1,"2":1,"3":1,"4":2,"5":0,"6":1,"7":1,"8":0,"9":0,"10":1,"11":1,"12":0,"13":0,"14":1,"15":1,"16":0,"17":0,"18":1,"19":1,"20":0,"21":0,"22":1,"23":1,"24":1},"branchMap":{"0":{"type":"branch","line":3,"loc":{"start":{"line":3,"column":0},"end":{"line":3,"column":6}},"locations":[{"start":{"line":3,"column":0},"end":{"line":3,"column":6}}]},"1":{"type":"branch","line":4,"loc":{"start":{"line":4,"column":2},"end":{"line":6,"column":3}},"locations":[{"start":{"line":4,"column":2},"end":{"line":6,"column":3}}]},"2":{"type":"branch","line":5,"loc":{"start":{"line":5,"column":4},"end":{"line":6,"column":3}},"locations":[{"start":{"line":5,"column":4},"end":{"line":6,"column":3}}]}},"b":{"0":[1],"1":[2],"2":[0]},"fnMap":{"0":{"name":"CardController","decl":{"start":{"line":3,"column":0},"end":{"line":3,"column":6}},"loc":{"start":{"line":3,"column":0},"end":{"line":3,"column":6}},"line":3},"1":{"name":"index","decl":{"start":{"line":4,"column":2},"end":{"line":6,"column":3}},"loc":{"start":{"line":4,"column":2},"end":{"line":6,"column":3}},"line":4},"2":{"name":"store","decl":{"start":{"line":8,"column":2},"end":{"line":10,"column":3}},"loc":{"start":{"line":8,"column":2},"end":{"line":10,"column":3}},"line":8},"3":{"name":"show","decl":{"start":{"line":12,"column":2},"end":{"line":14,"column":3}},"loc":{"start":{"line":12,"column":2},"end":{"line":14,"column":3}},"line":12},"4":{"name":"update","decl":{"start":{"line":16,"column":2},"end":{"line":18,"column":3}},"loc":{"start":{"line":16,"column":2},"end":{"line":18,"column":3}},"line":16},"5":{"name":"destroy","decl":{"start":{"line":20,"column":2},"end":{"line":22,"column":3}},"loc":{"start":{"line":20,"column":2},"end":{"line":22,"column":3}},"line":20}},"f":{"0":1,"1":2,"2":0,"3":0,"4":0,"5":0}}
,"/home/joaoluiz/projetos/crud_zappts_js/src/app/controllers/SessionController.js": {"path":"/home/joaoluiz/projetos/crud_zappts_js/src/app/controllers/SessionController.js","all":false,"statementMap":{"0":{"start":{"line":1,"column":0},"end":{"line":1,"column":58}},"1":{"start":{"line":2,"column":0},"end":{"line":2,"column":0}},"2":{"start":{"line":3,"column":0},"end":{"line":3,"column":25}},"3":{"start":{"line":4,"column":0},"end":{"line":4,"column":25}},"4":{"start":{"line":5,"column":0},"end":{"line":5,"column":41}},"5":{"start":{"line":6,"column":0},"end":{"line":6,"column":3}},"6":{"start":{"line":7,"column":0},"end":{"line":7,"column":1}},"7":{"start":{"line":8,"column":0},"end":{"line":8,"column":0}},"8":{"start":{"line":9,"column":0},"end":{"line":9,"column":41}}},"s":{"0":1,"1":1,"2":1,"3":1,"4":2,"5":0,"6":1,"7":1,"8":1},"branchMap":{"0":{"type":"branch","line":3,"loc":{"start":{"line":3,"column":0},"end":{"line":3,"column":6}},"locations":[{"start":{"line":3,"column":0},"end":{"line":3,"column":6}}]},"1":{"type":"branch","line":4,"loc":{"start":{"line":4,"column":2},"end":{"line":6,"column":3}},"locations":[{"start":{"line":4,"column":2},"end":{"line":6,"column":3}}]},"2":{"type":"branch","line":5,"loc":{"start":{"line":5,"column":4},"end":{"line":6,"column":3}},"locations":[{"start":{"line":5,"column":4},"end":{"line":6,"column":3}}]}},"b":{"0":[1],"1":[2],"2":[0]},"fnMap":{"0":{"name":"SessionController","decl":{"start":{"line":3,"column":0},"end":{"line":3,"column":6}},"loc":{"start":{"line":3,"column":0},"end":{"line":3,"column":6}},"line":3},"1":{"name":"store","decl":{"start":{"line":4,"column":2},"end":{"line":6,"column":3}},"loc":{"start":{"line":4,"column":2},"end":{"line":6,"column":3}},"line":4}},"f":{"0":1,"1":2}}
,"/home/joaoluiz/projetos/crud_zappts_js/src/app/controllers/UserController.js": {"path":"/home/joaoluiz/projetos/crud_zappts_js/src/app/controllers/UserController.js","all":false,"statementMap":{"0":{"start":{"line":1,"column":0},"end":{"line":1,"column":51}},"1":{"start":{"line":2,"column":0},"end":{"line":2,"column":0}},"2":{"start":{"line":3,"column":0},"end":{"line":3,"column":22}},"3":{"start":{"line":4,"column":0},"end":{"line":4,"column":25}},"4":{"start":{"line":5,"column":0},"end":{"line":5,"column":44}},"5":{"start":{"line":6,"column":0},"end":{"line":6,"column":3}},"6":{"start":{"line":7,"column":0},"end":{"line":7,"column":1}},"7":{"start":{"line":8,"column":0},"end":{"line":8,"column":0}},"8":{"start":{"line":9,"column":0},"end":{"line":9,"column":38}}},"s":{"0":1,"1":1,"2":1,"3":1,"4":0,"5":0,"6":1,"7":1,"8":1},"branchMap":{"0":{"type":"branch","line":3,"loc":{"start":{"line":3,"column":0},"end":{"line":3,"column":6}},"locations":[{"start":{"line":3,"column":0},"end":{"line":3,"column":6}}]}},"b":{"0":[1]},"fnMap":{"0":{"name":"UserController","decl":{"start":{"line":3,"column":0},"end":{"line":3,"column":6}},"loc":{"start":{"line":3,"column":0},"end":{"line":3,"column":6}},"line":3},"1":{"name":"store","decl":{"start":{"line":4,"column":2},"end":{"line":6,"column":3}},"loc":{"start":{"line":4,"column":2},"end":{"line":6,"column":3}},"line":4}},"f":{"0":1,"1":0}}
,"/home/joaoluiz/projetos/crud_zappts_js/src/app/middlewares/auth.js": {"path":"/home/joaoluiz/projetos/crud_zappts_js/src/app/middlewares/auth.js","all":false,"statementMap":{"0":{"start":{"line":1,"column":0},"end":{"line":1,"column":36}},"1":{"start":{"line":2,"column":0},"end":{"line":2,"column":48}},"2":{"start":{"line":3,"column":0},"end":{"line":3,"column":38}},"3":{"start":{"line":4,"column":0},"end":{"line":4,"column":0}},"4":{"start":{"line":5,"column":0},"end":{"line":5,"column":44}},"5":{"start":{"line":6,"column":0},"end":{"line":6,"column":47}},"6":{"start":{"line":7,"column":0},"end":{"line":7,"column":0}},"7":{"start":{"line":8,"column":0},"end":{"line":8,"column":19}},"8":{"start":{"line":9,"column":0},"end":{"line":9,"column":67}},"9":{"start":{"line":10,"column":0},"end":{"line":10,"column":3}},"10":{"start":{"line":11,"column":0},"end":{"line":11,"column":0}},"11":{"start":{"line":12,"column":0},"end":{"line":12,"column":42}},"12":{"start":{"line":13,"column":0},"end":{"line":13,"column":0}},"13":{"start":{"line":14,"column":0},"end":{"line":14,"column":7}},"14":{"start":{"line":15,"column":0},"end":{"line":15,"column":74}},"15":{"start":{"line":16,"column":0},"end":{"line":16,"column":0}},"16":{"start":{"line":17,"column":0},"end":{"line":17,"column":28}},"17":{"start":{"line":18,"column":0},"end":{"line":18,"column":0}},"18":{"start":{"line":19,"column":0},"end":{"line":19,"column":17}},"19":{"start":{"line":20,"column":0},"end":{"line":20,"column":19}},"20":{"start":{"line":21,"column":0},"end":{"line":21,"column":60}},"21":{"start":{"line":22,"column":0},"end":{"line":22,"column":3}},"22":{"start":{"line":23,"column":0},"end":{"line":23,"column":1}}},"s":{"0":1,"1":1,"2":1,"3":1,"4":1,"5":5,"6":5,"7":5,"8":1,"9":1,"10":2,"11":2,"12":2,"13":2,"14":5,"15":1,"16":1,"17":1,"18":1,"19":5,"20":1,"21":1,"22":0},"branchMap":{"0":{"type":"branch","line":5,"loc":{"start":{"line":5,"column":17},"end":{"line":23,"column":1}},"locations":[{"start":{"line":5,"column":17},"end":{"line":23,"column":1}}]},"1":{"type":"branch","line":8,"loc":{"start":{"line":8,"column":18},"end":{"line":10,"column":3}},"locations":[{"start":{"line":8,"column":18},"end":{"line":10,"column":3}}]},"2":{"type":"branch","line":11,"loc":{"start":{"line":11,"column":-1},"end":{"line":15,"column":10}},"locations":[{"start":{"line":11,"column":-1},"end":{"line":15,"column":10}}]},"3":{"type":"branch","line":15,"loc":{"start":{"line":15,"column":4},"end":{"line":20,"column":4}},"locations":[{"start":{"line":15,"column":4},"end":{"line":20,"column":4}}]},"4":{"type":"branch","line":20,"loc":{"start":{"line":20,"column":3},"end":{"line":20,"column":4}},"locations":[{"start":{"line":20,"column":3},"end":{"line":20,"column":4}}]},"5":{"type":"branch","line":20,"loc":{"start":{"line":20,"column":4},"end":{"line":22,"column":3}},"locations":[{"start":{"line":20,"column":4},"end":{"line":22,"column":3}}]},"6":{"type":"branch","line":23,"loc":{"start":{"line":23,"column":-1},"end":{"line":23,"column":1}},"locations":[{"start":{"line":23,"column":-1},"end":{"line":23,"column":1}}]}},"b":{"0":[5],"1":[1],"2":[2],"3":[1],"4":[0],"5":[1],"6":[0]},"fnMap":{"0":{"name":"Object.<anonymous>.module.exports","decl":{"start":{"line":5,"column":17},"end":{"line":23,"column":1}},"loc":{"start":{"line":5,"column":17},"end":{"line":23,"column":1}},"line":5}},"f":{"0":5}}
,"/home/joaoluiz/projetos/crud_zappts_js/src/app/models/Card.js": {"path":"/home/joaoluiz/projetos/crud_zappts_js/src/app/models/Card.js","all":false,"statementMap":{"0":{"start":{"line":1,"column":0},"end":{"line":1,"column":44}},"1":{"start":{"line":2,"column":0},"end":{"line":2,"column":41}},"2":{"start":{"line":3,"column":0},"end":{"line":3,"column":28}},"3":{"start":{"line":4,"column":0},"end":{"line":4,"column":27}},"4":{"start":{"line":5,"column":0},"end":{"line":5,"column":5}},"5":{"start":{"line":6,"column":0},"end":{"line":6,"column":0}},"6":{"start":{"line":7,"column":0},"end":{"line":7,"column":14}},"7":{"start":{"line":8,"column":0},"end":{"line":8,"column":2}}},"s":{"0":1,"1":3,"2":3,"3":3,"4":3,"5":3,"6":3,"7":3},"branchMap":{"0":{"type":"branch","line":1,"loc":{"start":{"line":1,"column":17},"end":{"line":8,"column":2}},"locations":[{"start":{"line":1,"column":17},"end":{"line":8,"column":2}}]}},"b":{"0":[3]},"fnMap":{"0":{"name":"Object.<anonymous>.module.exports","decl":{"start":{"line":1,"column":17},"end":{"line":8,"column":2}},"loc":{"start":{"line":1,"column":17},"end":{"line":8,"column":2}},"line":1}},"f":{"0":3}}
,"/home/joaoluiz/projetos/crud_zappts_js/src/app/models/User.js": {"path":"/home/joaoluiz/projetos/crud_zappts_js/src/app/models/User.js","all":false,"statementMap":{"0":{"start":{"line":1,"column":0},"end":{"line":1,"column":35}},"1":{"start":{"line":2,"column":0},"end":{"line":2,"column":36}},"2":{"start":{"line":3,"column":0},"end":{"line":3,"column":48}},"3":{"start":{"line":4,"column":0},"end":{"line":4,"column":0}},"4":{"start":{"line":5,"column":0},"end":{"line":5,"column":44}},"5":{"start":{"line":6,"column":0},"end":{"line":6,"column":32}},"6":{"start":{"line":7,"column":0},"end":{"line":7,"column":11}},"7":{"start":{"line":8,"column":0},"end":{"line":8,"column":5}},"8":{"start":{"line":9,"column":0},"end":{"line":9,"column":30}},"9":{"start":{"line":10,"column":0},"end":{"line":10,"column":34}},"10":{"start":{"line":11,"column":0},"end":{"line":11,"column":38}},"11":{"start":{"line":12,"column":0},"end":{"line":12,"column":6}},"12":{"start":{"line":13,"column":0},"end":{"line":13,"column":5}},"13":{"start":{"line":14,"column":0},"end":{"line":14,"column":14}},"14":{"start":{"line":15,"column":0},"end":{"line":15,"column":37}},"15":{"start":{"line":16,"column":0},"end":{"line":16,"column":30}},"16":{"start":{"line":17,"column":0},"end":{"line":17,"column":69}},"17":{"start":{"line":18,"column":0},"end":{"line":18,"column":11}},"18":{"start":{"line":19,"column":0},"end":{"line":19,"column":10}},"19":{"start":{"line":20,"column":0},"end":{"line":20,"column":8}},"20":{"start":{"line":21,"column":0},"end":{"line":21,"column":5}},"21":{"start":{"line":22,"column":0},"end":{"line":22,"column":4}},"22":{"start":{"line":23,"column":0},"end":{"line":23,"column":0}},"23":{"start":{"line":24,"column":0},"end":{"line":24,"column":54}},"24":{"start":{"line":25,"column":0},"end":{"line":25,"column":56}},"25":{"start":{"line":26,"column":0},"end":{"line":26,"column":4}},"26":{"start":{"line":27,"column":0},"end":{"line":27,"column":0}},"27":{"start":{"line":28,"column":0},"end":{"line":28,"column":41}},"28":{"start":{"line":29,"column":0},"end":{"line":29,"column":48}},"29":{"start":{"line":30,"column":0},"end":{"line":30,"column":31}},"30":{"start":{"line":31,"column":0},"end":{"line":31,"column":7}},"31":{"start":{"line":32,"column":0},"end":{"line":32,"column":3}},"32":{"start":{"line":33,"column":0},"end":{"line":33,"column":0}},"33":{"start":{"line":34,"column":0},"end":{"line":34,"column":14}},"34":{"start":{"line":35,"column":0},"end":{"line":35,"column":2}}},"s":{"0":1,"1":1,"2":1,"3":1,"4":1,"5":3,"6":3,"7":3,"8":3,"9":3,"10":3,"11":3,"12":3,"13":3,"14":3,"15":8,"16":4,"17":4,"18":4,"19":3,"20":3,"21":3,"22":3,"23":3,"24":2,"25":2,"26":3,"27":3,"28":3,"29":0,"30":0,"31":0,"32":3,"33":3,"34":3},"branchMap":{"0":{"type":"branch","line":5,"loc":{"start":{"line":5,"column":17},"end":{"line":35,"column":2}},"locations":[{"start":{"line":5,"column":17},"end":{"line":35,"column":2}}]},"1":{"type":"branch","line":15,"loc":{"start":{"line":15,"column":20},"end":{"line":19,"column":10}},"locations":[{"start":{"line":15,"column":20},"end":{"line":19,"column":10}}]},"2":{"type":"branch","line":16,"loc":{"start":{"line":16,"column":29},"end":{"line":19,"column":10}},"locations":[{"start":{"line":16,"column":29},"end":{"line":19,"column":10}}]},"3":{"type":"branch","line":24,"loc":{"start":{"line":24,"column":33},"end":{"line":26,"column":4}},"locations":[{"start":{"line":24,"column":33},"end":{"line":26,"column":4}}]},"4":{"type":"branch","line":28,"loc":{"start":{"line":28,"column":23},"end":{"line":32,"column":3}},"locations":[{"start":{"line":28,"column":23},"end":{"line":32,"column":3}}]},"5":{"type":"branch","line":29,"loc":{"start":{"line":29,"column":4},"end":{"line":32,"column":3}},"locations":[{"start":{"line":29,"column":4},"end":{"line":32,"column":3}}]}},"b":{"0":[3],"1":[8],"2":[4],"3":[2],"4":[3],"5":[0]},"fnMap":{"0":{"name":"Object.<anonymous>.module.exports","decl":{"start":{"line":5,"column":17},"end":{"line":35,"column":2}},"loc":{"start":{"line":5,"column":17},"end":{"line":35,"column":2}},"line":5},"1":{"name":"beforeSave","decl":{"start":{"line":15,"column":20},"end":{"line":19,"column":10}},"loc":{"start":{"line":15,"column":20},"end":{"line":19,"column":10}},"line":15},"2":{"name":"User.checkPassword","decl":{"start":{"line":24,"column":33},"end":{"line":26,"column":4}},"loc":{"start":{"line":24,"column":33},"end":{"line":26,"column":4}},"line":24},"3":{"name":"User.generateToken","decl":{"start":{"line":28,"column":23},"end":{"line":32,"column":3}},"loc":{"start":{"line":28,"column":23},"end":{"line":32,"column":3}},"line":28}},"f":{"0":3,"1":8,"2":2,"3":3}}
,"/home/joaoluiz/projetos/crud_zappts_js/src/app/models/index.js": {"path":"/home/joaoluiz/projetos/crud_zappts_js/src/app/models/index.js","all":false,"statementMap":{"0":{"start":{"line":1,"column":0},"end":{"line":1,"column":13}},"1":{"start":{"line":2,"column":0},"end":{"line":2,"column":0}},"2":{"start":{"line":3,"column":0},"end":{"line":3,"column":25}},"3":{"start":{"line":4,"column":0},"end":{"line":4,"column":29}},"4":{"start":{"line":5,"column":0},"end":{"line":5,"column":39}},"5":{"start":{"line":6,"column":0},"end":{"line":6,"column":43}},"6":{"start":{"line":7,"column":0},"end":{"line":7,"column":48}},"7":{"start":{"line":8,"column":0},"end":{"line":8,"column":14}},"8":{"start":{"line":9,"column":0},"end":{"line":9,"column":0}},"9":{"start":{"line":10,"column":0},"end":{"line":10,"column":91}},"10":{"start":{"line":11,"column":0},"end":{"line":11,"column":0}},"11":{"start":{"line":12,"column":0},"end":{"line":12,"column":0}},"12":{"start":{"line":13,"column":0},"end":{"line":13,"column":2}},"13":{"start":{"line":14,"column":0},"end":{"line":14,"column":25}},"14":{"start":{"line":15,"column":0},"end":{"line":15,"column":19}},"15":{"start":{"line":16,"column":0},"end":{"line":16,"column":90}},"16":{"start":{"line":17,"column":0},"end":{"line":17,"column":4}},"17":{"start":{"line":18,"column":0},"end":{"line":18,"column":20}},"18":{"start":{"line":19,"column":0},"end":{"line":19,"column":86}},"19":{"start":{"line":20,"column":0},"end":{"line":20,"column":27}},"20":{"start":{"line":21,"column":0},"end":{"line":21,"column":5}},"21":{"start":{"line":22,"column":0},"end":{"line":22,"column":0}},"22":{"start":{"line":23,"column":0},"end":{"line":23,"column":38}},"23":{"start":{"line":24,"column":0},"end":{"line":24,"column":32}},"24":{"start":{"line":25,"column":0},"end":{"line":25,"column":32}},"25":{"start":{"line":26,"column":0},"end":{"line":26,"column":3}},"26":{"start":{"line":27,"column":0},"end":{"line":27,"column":3}},"27":{"start":{"line":28,"column":0},"end":{"line":28,"column":0}},"28":{"start":{"line":29,"column":0},"end":{"line":29,"column":25}},"29":{"start":{"line":30,"column":0},"end":{"line":30,"column":25}},"30":{"start":{"line":31,"column":0},"end":{"line":31,"column":0}},"31":{"start":{"line":32,"column":0},"end":{"line":32,"column":20}}},"s":{"0":1,"1":1,"2":1,"3":1,"4":1,"5":1,"6":1,"7":1,"8":1,"9":1,"10":1,"11":1,"12":1,"13":1,"14":1,"15":9,"16":9,"17":1,"18":6,"19":6,"20":6,"21":1,"22":1,"23":6,"24":0,"25":0,"26":6,"27":1,"28":1,"29":1,"30":1,"31":1},"branchMap":{"0":{"type":"branch","line":15,"loc":{"start":{"line":15,"column":10},"end":{"line":17,"column":4}},"locations":[{"start":{"line":15,"column":10},"end":{"line":17,"column":4}}]},"1":{"type":"branch","line":16,"loc":{"start":{"line":16,"column":11},"end":{"line":16,"column":90}},"locations":[{"start":{"line":16,"column":11},"end":{"line":16,"column":90}}]},"2":{"type":"branch","line":18,"loc":{"start":{"line":18,"column":11},"end":{"line":21,"column":5}},"locations":[{"start":{"line":18,"column":11},"end":{"line":21,"column":5}}]},"3":{"type":"branch","line":23,"loc":{"start":{"line":23,"column":24},"end":{"line":27,"column":3}},"locations":[{"start":{"line":23,"column":24},"end":{"line":27,"column":3}}]},"4":{"type":"branch","line":24,"loc":{"start":{"line":24,"column":31},"end":{"line":26,"column":3}},"locations":[{"start":{"line":24,"column":31},"end":{"line":26,"column":3}}]}},"b":{"0":[9],"1":[6],"2":[6],"3":[6],"4":[0]},"fnMap":{"0":{"name":"Object.<anonymous>.fs.readdirSync.filter.file","decl":{"start":{"line":15,"column":10},"end":{"line":17,"column":4}},"loc":{"start":{"line":15,"column":10},"end":{"line":17,"column":4}},"line":15},"1":{"name":"Object.<anonymous>.fs.readdirSync.filter.forEach.file","decl":{"start":{"line":18,"column":11},"end":{"line":21,"column":5}},"loc":{"start":{"line":18,"column":11},"end":{"line":21,"column":5}},"line":18},"2":{"name":"Object.<anonymous>.Object.keys.forEach.modelName","decl":{"start":{"line":23,"column":24},"end":{"line":27,"column":3}},"loc":{"start":{"line":23,"column":24},"end":{"line":27,"column":3}},"line":23}},"f":{"0":9,"1":6,"2":6}}
,"/home/joaoluiz/projetos/crud_zappts_js/src/config/auth.js": {"path":"/home/joaoluiz/projetos/crud_zappts_js/src/config/auth.js","all":false,"statementMap":{"0":{"start":{"line":1,"column":0},"end":{"line":1,"column":18}},"1":{"start":{"line":2,"column":0},"end":{"line":2,"column":37}},"2":{"start":{"line":3,"column":0},"end":{"line":3,"column":12}},"3":{"start":{"line":4,"column":0},"end":{"line":4,"column":1}}},"s":{"0":1,"1":1,"2":1,"3":1},"branchMap":{},"b":{},"fnMap":{},"f":{}}
,"/home/joaoluiz/projetos/crud_zappts_js/src/config/database.js": {"path":"/home/joaoluiz/projetos/crud_zappts_js/src/config/database.js","all":false,"statementMap":{"0":{"start":{"line":1,"column":0},"end":{"line":1,"column":26}},"1":{"start":{"line":2,"column":0},"end":{"line":2,"column":62}},"2":{"start":{"line":3,"column":0},"end":{"line":3,"column":3}},"3":{"start":{"line":4,"column":0},"end":{"line":4,"column":0}},"4":{"start":{"line":5,"column":0},"end":{"line":5,"column":18}},"5":{"start":{"line":6,"column":0},"end":{"line":6,"column":28}},"6":{"start":{"line":7,"column":0},"end":{"line":7,"column":32}},"7":{"start":{"line":8,"column":0},"end":{"line":8,"column":32}},"8":{"start":{"line":9,"column":0},"end":{"line":9,"column":32}},"9":{"start":{"line":10,"column":0},"end":{"line":10,"column":48}},"10":{"start":{"line":11,"column":0},"end":{"line":11,"column":41}},"11":{"start":{"line":12,"column":0},"end":{"line":12,"column":25}},"12":{"start":{"line":13,"column":0},"end":{"line":13,"column":11}},"13":{"start":{"line":14,"column":0},"end":{"line":14,"column":21}},"14":{"start":{"line":15,"column":0},"end":{"line":15,"column":22}},"15":{"start":{"line":16,"column":0},"end":{"line":16,"column":25}},"16":{"start":{"line":17,"column":0},"end":{"line":17,"column":4}},"17":{"start":{"line":18,"column":0},"end":{"line":18,"column":2}}},"s":{"0":1,"1":1,"2":1,"3":1,"4":1,"5":1,"6":1,"7":1,"8":1,"9":1,"10":1,"11":1,"12":1,"13":1,"14":1,"15":1,"16":1,"17":1},"branchMap":{"0":{"type":"branch","line":2,"loc":{"start":{"line":2,"column":8},"end":{"line":2,"column":62}},"locations":[{"start":{"line":2,"column":8},"end":{"line":2,"column":62}}]},"1":{"type":"branch","line":10,"loc":{"start":{"line":10,"column":11},"end":{"line":10,"column":48}},"locations":[{"start":{"line":10,"column":11},"end":{"line":10,"column":48}}]}},"b":{"0":[0],"1":[0]},"fnMap":{},"f":{}}
}
