TN:
SF:src/index.js
FN:1,(empty-report)
FNF:1
FNH:0
FNDA:0,(empty-report)
DA:1,0
DA:2,0
DA:3,0
LF:3
LH:0
BRDA:1,0,0,0
BRF:1
BRH:0
end_of_record
TN:
SF:src/routes.js
FN:11,Object.<anonymous>.routes.get
FNF:1
FNH:0
FNDA:0,Object.<anonymous>.routes.get
DA:1,1
DA:2,1
DA:3,1
DA:4,1
DA:5,1
DA:6,1
DA:7,1
DA:8,1
DA:9,1
DA:10,1
DA:11,1
DA:12,0
DA:13,0
DA:14,0
DA:15,0
DA:16,1
DA:17,1
DA:18,1
DA:19,1
DA:20,1
DA:21,1
DA:22,1
DA:23,1
DA:24,1
DA:25,1
DA:26,1
DA:27,1
DA:28,1
DA:29,1
DA:30,1
DA:31,1
DA:32,1
LF:32
LH:28
BRF:0
BRH:0
end_of_record
TN:
SF:src/server.js
FN:10,App
FN:18,middlewares
FN:22,routes
FNF:3
FNH:3
FNDA:1,App
FNDA:1,middlewares
FNDA:1,routes
DA:1,1
DA:2,1
DA:3,1
DA:4,1
DA:5,1
DA:6,1
DA:7,1
DA:8,1
DA:9,1
DA:10,1
DA:11,1
DA:12,1
DA:13,1
DA:14,1
DA:15,1
DA:16,1
DA:17,1
DA:18,1
DA:19,1
DA:20,1
DA:21,1
DA:22,1
DA:23,1
DA:24,1
DA:25,1
DA:26,1
DA:27,1
LF:27
LH:27
BRDA:2,0,0,0
BRDA:10,1,0,1
BRDA:18,2,0,1
BRDA:22,3,0,1
BRF:4
BRH:3
end_of_record
TN:
SF:src/app/Facades/CardFacade.js
FN:3,CardFacade
FN:4,index
FN:10,findAll
FN:16,store
FN:25,create
FN:31,show
FN:37,findByPk
FN:45,update
FN:57,destroy
FN:66,delete
FNF:10
FNH:3
FNDA:1,CardFacade
FNDA:2,index
FNDA:2,findAll
FNDA:0,store
FNDA:0,create
FNDA:0,show
FNDA:0,findByPk
FNDA:0,update
FNDA:0,destroy
FNDA:0,delete
DA:1,1
DA:2,1
DA:3,1
DA:4,1
DA:5,2
DA:6,1
DA:7,2
DA:8,0
DA:9,1
DA:10,1
DA:11,2
DA:12,1
DA:13,2
DA:14,0
DA:15,1
DA:16,1
DA:17,0
DA:18,0
DA:19,0
DA:20,0
DA:21,0
DA:22,0
DA:23,0
DA:24,1
DA:25,1
DA:26,0
DA:27,0
DA:28,0
DA:29,0
DA:30,1
DA:31,1
DA:32,0
DA:33,0
DA:34,0
DA:35,0
DA:36,1
DA:37,1
DA:38,0
DA:39,0
DA:40,0
DA:41,0
DA:42,0
DA:43,0
DA:44,1
DA:45,1
DA:46,0
DA:47,0
DA:48,0
DA:49,0
DA:50,0
DA:51,0
DA:52,0
DA:53,0
DA:54,0
DA:55,0
DA:56,1
DA:57,1
DA:58,0
DA:59,0
DA:60,0
DA:61,0
DA:62,0
DA:63,0
DA:64,0
DA:65,1
DA:66,1
DA:67,0
DA:68,0
DA:69,0
DA:70,0
DA:71,0
DA:72,0
DA:73,0
DA:74,0
DA:75,1
DA:76,1
DA:77,1
LF:77
LH:29
BRDA:3,0,0,1
BRDA:4,1,0,2
BRDA:5,2,0,1
BRDA:7,3,0,0
BRDA:10,4,0,2
BRDA:11,5,0,1
BRDA:13,6,0,0
BRF:7
BRH:5
end_of_record
TN:
SF:src/app/Facades/SessionFacade.js
FN:3,SessionFacade
FN:4,store
FN:22,findOne
FNF:3
FNH:3
FNDA:1,SessionFacade
FNDA:6,store
FNDA:4,findOne
DA:1,1
DA:2,1
DA:3,1
DA:4,1
DA:5,6
DA:6,6
DA:7,6
DA:8,2
DA:9,6
DA:10,0
DA:11,0
DA:12,2
DA:13,6
DA:14,0
DA:15,0
DA:16,2
DA:17,2
DA:18,2
DA:19,6
DA:20,0
DA:21,1
DA:22,1
DA:23,4
DA:24,4
DA:25,4
DA:26,2
DA:27,4
DA:28,0
DA:29,1
DA:30,1
DA:31,1
LF:31
LH:25
BRDA:3,0,0,1
BRDA:4,1,0,6
BRDA:7,2,0,2
BRDA:9,3,0,0
BRDA:12,4,0,2
BRDA:13,5,0,0
BRDA:16,6,0,2
BRDA:19,7,0,0
BRDA:22,8,0,4
BRDA:25,9,0,2
BRDA:27,10,0,0
BRF:11
BRH:7
end_of_record
TN:
SF:src/app/Facades/UserFacade.js
FN:3,UserFacade
FN:4,store
FN:13,create
FNF:3
FNH:1
FNDA:1,UserFacade
FNDA:0,store
FNDA:0,create
DA:1,1
DA:2,1
DA:3,1
DA:4,1
DA:5,0
DA:6,0
DA:7,0
DA:8,0
DA:9,0
DA:10,0
DA:11,0
DA:12,1
DA:13,1
DA:14,0
DA:15,0
DA:16,0
DA:17,0
DA:18,1
DA:19,1
DA:20,1
LF:20
LH:9
BRDA:3,0,0,1
BRF:1
BRH:1
end_of_record
TN:
SF:src/app/controllers/CardController.js
FN:3,CardController
FN:4,index
FN:8,store
FN:12,show
FN:16,update
FN:20,destroy
FNF:6
FNH:2
FNDA:1,CardController
FNDA:2,index
FNDA:0,store
FNDA:0,show
FNDA:0,update
FNDA:0,destroy
DA:1,1
DA:2,1
DA:3,1
DA:4,1
DA:5,2
DA:6,0
DA:7,1
DA:8,1
DA:9,0
DA:10,0
DA:11,1
DA:12,1
DA:13,0
DA:14,0
DA:15,1
DA:16,1
DA:17,0
DA:18,0
DA:19,1
DA:20,1
DA:21,0
DA:22,0
DA:23,1
DA:24,1
DA:25,1
LF:25
LH:16
BRDA:3,0,0,1
BRDA:4,1,0,2
BRDA:5,2,0,0
BRF:3
BRH:2
end_of_record
TN:
SF:src/app/controllers/SessionController.js
FN:3,SessionController
FN:4,store
FNF:2
FNH:2
FNDA:1,SessionController
FNDA:2,store
DA:1,1
DA:2,1
DA:3,1
DA:4,1
DA:5,2
DA:6,0
DA:7,1
DA:8,1
DA:9,1
LF:9
LH:8
BRDA:3,0,0,1
BRDA:4,1,0,2
BRDA:5,2,0,0
BRF:3
BRH:2
end_of_record
TN:
SF:src/app/controllers/UserController.js
FN:3,UserController
FN:4,store
FNF:2
FNH:1
FNDA:1,UserController
FNDA:0,store
DA:1,1
DA:2,1
DA:3,1
DA:4,1
DA:5,0
DA:6,0
DA:7,1
DA:8,1
DA:9,1
LF:9
LH:7
BRDA:3,0,0,1
BRF:1
BRH:1
end_of_record
TN:
SF:src/app/middlewares/auth.js
FN:5,Object.<anonymous>.module.exports
FNF:1
FNH:1
FNDA:5,Object.<anonymous>.module.exports
DA:1,1
DA:2,1
DA:3,1
DA:4,1
DA:5,1
DA:6,5
DA:7,5
DA:8,5
DA:9,1
DA:10,1
DA:11,2
DA:12,2
DA:13,2
DA:14,2
DA:15,5
DA:16,1
DA:17,1
DA:18,1
DA:19,1
DA:20,5
DA:21,1
DA:22,1
DA:23,0
LF:23
LH:22
BRDA:5,0,0,5
BRDA:8,1,0,1
BRDA:11,2,0,2
BRDA:15,3,0,1
BRDA:20,4,0,0
BRDA:20,5,0,1
BRDA:23,6,0,0
BRF:7
BRH:5
end_of_record
TN:
SF:src/app/models/Card.js
FN:1,Object.<anonymous>.module.exports
FNF:1
FNH:1
FNDA:3,Object.<anonymous>.module.exports
DA:1,1
DA:2,3
DA:3,3
DA:4,3
DA:5,3
DA:6,3
DA:7,3
DA:8,3
LF:8
LH:8
BRDA:1,0,0,3
BRF:1
BRH:1
end_of_record
TN:
SF:src/app/models/User.js
FN:5,Object.<anonymous>.module.exports
FN:15,beforeSave
FN:24,User.checkPassword
FN:28,User.generateToken
FNF:4
FNH:4
FNDA:3,Object.<anonymous>.module.exports
FNDA:8,beforeSave
FNDA:2,User.checkPassword
FNDA:3,User.generateToken
DA:1,1
DA:2,1
DA:3,1
DA:4,1
DA:5,1
DA:6,3
DA:7,3
DA:8,3
DA:9,3
DA:10,3
DA:11,3
DA:12,3
DA:13,3
DA:14,3
DA:15,3
DA:16,8
DA:17,4
DA:18,4
DA:19,4
DA:20,3
DA:21,3
DA:22,3
DA:23,3
DA:24,3
DA:25,2
DA:26,2
DA:27,3
DA:28,3
DA:29,3
DA:30,0
DA:31,0
DA:32,0
DA:33,3
DA:34,3
DA:35,3
LF:35
LH:32
BRDA:5,0,0,3
BRDA:15,1,0,8
BRDA:16,2,0,4
BRDA:24,3,0,2
BRDA:28,4,0,3
BRDA:29,5,0,0
BRF:6
BRH:5
end_of_record
TN:
SF:src/app/models/index.js
FN:15,Object.<anonymous>.fs.readdirSync.filter.file
FN:18,Object.<anonymous>.fs.readdirSync.filter.forEach.file
FN:23,Object.<anonymous>.Object.keys.forEach.modelName
FNF:3
FNH:3
FNDA:9,Object.<anonymous>.fs.readdirSync.filter.file
FNDA:6,Object.<anonymous>.fs.readdirSync.filter.forEach.file
FNDA:6,Object.<anonymous>.Object.keys.forEach.modelName
DA:1,1
DA:2,1
DA:3,1
DA:4,1
DA:5,1
DA:6,1
DA:7,1
DA:8,1
DA:9,1
DA:10,1
DA:11,1
DA:12,1
DA:13,1
DA:14,1
DA:15,1
DA:16,9
DA:17,9
DA:18,1
DA:19,6
DA:20,6
DA:21,6
DA:22,1
DA:23,1
DA:24,6
DA:25,0
DA:26,0
DA:27,6
DA:28,1
DA:29,1
DA:30,1
DA:31,1
DA:32,1
LF:32
LH:30
BRDA:15,0,0,9
BRDA:16,1,0,6
BRDA:18,2,0,6
BRDA:23,3,0,6
BRDA:24,4,0,0
BRF:5
BRH:4
end_of_record
TN:
SF:src/config/auth.js
FNF:0
FNH:0
DA:1,1
DA:2,1
DA:3,1
DA:4,1
LF:4
LH:4
BRF:0
BRH:0
end_of_record
TN:
SF:src/config/database.js
FNF:0
FNH:0
DA:1,1
DA:2,1
DA:3,1
DA:4,1
DA:5,1
DA:6,1
DA:7,1
DA:8,1
DA:9,1
DA:10,1
DA:11,1
DA:12,1
DA:13,1
DA:14,1
DA:15,1
DA:16,1
DA:17,1
DA:18,1
LF:18
LH:18
BRDA:2,0,0,0
BRDA:10,1,0,0
BRF:2
BRH:0
end_of_record
